<?xml version="1.0" encoding="UTF-8"?>
<!-- Generated by org.testng.reporters.JUnitReportReporter -->
<testsuite skipped="0" hostname="DESKTOP-S33QA46" name="testCases.TC_002_LoginTest" tests="1" failures="0" timestamp="25 Mar 2023 21:54:42 GMT" time="4.615" errors="0">
  <testcase name="test_login" time="4.615" classname="testCases.TC_002_LoginTest"/>
</testsuite> <!-- testCases.TC_002_LoginTest -->
